0 info it worked if it ends with ok
1 verbose cli [ '/usr/local/bin/node', '/usr/local/bin/npm', 'start' ]
2 info using npm@3.10.10
3 info using node@v6.11.2
4 verbose run-script [ 'prestart', 'start', 'poststart' ]
5 info lifecycle ostwitt@1.0.0~prestart: ostwitt@1.0.0
6 silly lifecycle ostwitt@1.0.0~prestart: no script for prestart, continuing
7 info lifecycle ostwitt@1.0.0~start: ostwitt@1.0.0
8 verbose lifecycle ostwitt@1.0.0~start: unsafe-perm in lifecycle true
9 verbose lifecycle ostwitt@1.0.0~start: PATH: /usr/local/lib/node_modules/npm/bin/node-gyp-bin:/home/osman8a/Documentos/ostwitt/node_modules/.bin:/home/osman8a/.rvm/gems/ruby-1.9.3-p551@newgemset/bin:/home/osman8a/.rvm/gems/ruby-1.9.3-p551@global/bin:/home/osman8a/.rvm/rubies/ruby-1.9.3-p551/bin:/usr/local/bin:/usr/bin:/bin:/home/osman8a/.rvm/bin:/home/osman8a/.rvm/bin:/home/osman8a/.rvm/bin:/usr/local/sbin:/usr/sbin:/home/osman8a/.rvm/bin:/home/osman8a/.rvm/bin:/home/osman8a/.rvm/bin:/home/osman8a/.rvm/bin:/home/osman8a/.rvm/bin:/home/osman8a/.rvm/bin
10 verbose lifecycle ostwitt@1.0.0~start: CWD: /home/osman8a/Documentos/ostwitt
11 silly lifecycle ostwitt@1.0.0~start: Args: [ '-c', 'npm run build && npm run serve' ]
12 silly lifecycle ostwitt@1.0.0~start: Returned: code: 1  signal: null
13 info lifecycle ostwitt@1.0.0~start: Failed to exec start script
14 verbose stack Error: ostwitt@1.0.0 start: `npm run build && npm run serve`
14 verbose stack Exit status 1
14 verbose stack     at EventEmitter.<anonymous> (/usr/local/lib/node_modules/npm/lib/utils/lifecycle.js:255:16)
14 verbose stack     at emitTwo (events.js:106:13)
14 verbose stack     at EventEmitter.emit (events.js:191:7)
14 verbose stack     at ChildProcess.<anonymous> (/usr/local/lib/node_modules/npm/lib/utils/spawn.js:40:14)
14 verbose stack     at emitTwo (events.js:106:13)
14 verbose stack     at ChildProcess.emit (events.js:191:7)
14 verbose stack     at maybeClose (internal/child_process.js:891:16)
14 verbose stack     at Process.ChildProcess._handle.onexit (internal/child_process.js:226:5)
15 verbose pkgid ostwitt@1.0.0
16 verbose cwd /home/osman8a/Documentos/ostwitt
17 error Linux 4.8.13-100.fc23.i686+PAE
18 error argv "/usr/local/bin/node" "/usr/local/bin/npm" "start"
19 error node v6.11.2
20 error npm  v3.10.10
21 error code ELIFECYCLE
22 error ostwitt@1.0.0 start: `npm run build && npm run serve`
22 error Exit status 1
23 error Failed at the ostwitt@1.0.0 start script 'npm run build && npm run serve'.
23 error Make sure you have the latest version of node.js and npm installed.
23 error If you do, this is most likely a problem with the ostwitt package,
23 error not with npm itself.
23 error Tell the author that this fails on your system:
23 error     npm run build && npm run serve
23 error You can get information on how to open an issue for this project with:
23 error     npm bugs ostwitt
23 error Or if that isn't available, you can get their info via:
23 error     npm owner ls ostwitt
23 error There is likely additional logging output above.
24 verbose exit [ 1, true ]
